[2018-10-28 13:28:15] lumen.ERROR: Symfony\Component\Debug\Exception\FatalThrowableError: Class 'App\Http\Controllers\GameProviders' not found in /var/www/html/tic-tac-toe/app/Http/Controllers/GameController.php:39
Stack trace:
#0 [internal function]: App\Http\Controllers\GameController->play(Object(Illuminate\Http\Request))
#1 /var/www/html/tic-tac-toe/vendor/illuminate/container/BoundMethod.php(29): call_user_func_array(Array, Array)
#2 /var/www/html/tic-tac-toe/vendor/illuminate/container/BoundMethod.php(87): Illuminate\Container\BoundMethod::Illuminate\Container\{closure}()
#3 /var/www/html/tic-tac-toe/vendor/illuminate/container/BoundMethod.php(31): Illuminate\Container\BoundMethod::callBoundMethod(Object(Laravel\Lumen\Application), Array, Object(Closure))
#4 /var/www/html/tic-tac-toe/vendor/illuminate/container/Container.php(539): Illuminate\Container\BoundMethod::call(Object(Laravel\Lumen\Application), Array, Array, NULL)
#5 /var/www/html/tic-tac-toe/vendor/laravel/lumen-framework/src/Concerns/RoutesRequests.php(741): Illuminate\Container\Container->call(Array, Array)
#6 /var/www/html/tic-tac-toe/vendor/laravel/lumen-framework/src/Concerns/RoutesRequests.php(707): Laravel\Lumen\Application->callControllerCallable(Array, Array)
#7 /var/www/html/tic-tac-toe/vendor/laravel/lumen-framework/src/Concerns/RoutesRequests.php(681): Laravel\Lumen\Application->callLumenController(Object(App\Http\Controllers\GameController), 'play', Array)
#8 /var/www/html/tic-tac-toe/vendor/laravel/lumen-framework/src/Concerns/RoutesRequests.php(643): Laravel\Lumen\Application->callControllerAction(Array)
#9 /var/www/html/tic-tac-toe/vendor/laravel/lumen-framework/src/Concerns/RoutesRequests.php(628): Laravel\Lumen\Application->callActionOnArrayBasedRoute(Array)
#10 /var/www/html/tic-tac-toe/vendor/laravel/lumen-framework/src/Concerns/RoutesRequests.php(528): Laravel\Lumen\Application->handleFoundRoute(Array)
#11 /var/www/html/tic-tac-toe/vendor/laravel/lumen-framework/src/Concerns/RoutesRequests.php(781): Laravel\Lumen\Application->Laravel\Lumen\Concerns\{closure}()
#12 /var/www/html/tic-tac-toe/vendor/laravel/lumen-framework/src/Concerns/RoutesRequests.php(534): Laravel\Lumen\Application->sendThroughPipeline(Array, Object(Closure))
#13 /var/www/html/tic-tac-toe/vendor/laravel/lumen-framework/src/Concerns/RoutesRequests.php(475): Laravel\Lumen\Application->dispatch(NULL)
#14 /var/www/html/tic-tac-toe/index.php(28): Laravel\Lumen\Application->run()
#15 {main}  
[2018-10-28 13:28:31] lumen.ERROR: Symfony\Component\Debug\Exception\FatalThrowableError: Class 'App\Http\Controllers\GameProviders' not found in /var/www/html/tic-tac-toe/app/Http/Controllers/GameController.php:39
Stack trace:
#0 [internal function]: App\Http\Controllers\GameController->play(Object(Illuminate\Http\Request))
#1 /var/www/html/tic-tac-toe/vendor/illuminate/container/BoundMethod.php(29): call_user_func_array(Array, Array)
#2 /var/www/html/tic-tac-toe/vendor/illuminate/container/BoundMethod.php(87): Illuminate\Container\BoundMethod::Illuminate\Container\{closure}()
#3 /var/www/html/tic-tac-toe/vendor/illuminate/container/BoundMethod.php(31): Illuminate\Container\BoundMethod::callBoundMethod(Object(Laravel\Lumen\Application), Array, Object(Closure))
#4 /var/www/html/tic-tac-toe/vendor/illuminate/container/Container.php(539): Illuminate\Container\BoundMethod::call(Object(Laravel\Lumen\Application), Array, Array, NULL)
#5 /var/www/html/tic-tac-toe/vendor/laravel/lumen-framework/src/Concerns/RoutesRequests.php(741): Illuminate\Container\Container->call(Array, Array)
#6 /var/www/html/tic-tac-toe/vendor/laravel/lumen-framework/src/Concerns/RoutesRequests.php(707): Laravel\Lumen\Application->callControllerCallable(Array, Array)
#7 /var/www/html/tic-tac-toe/vendor/laravel/lumen-framework/src/Concerns/RoutesRequests.php(681): Laravel\Lumen\Application->callLumenController(Object(App\Http\Controllers\GameController), 'play', Array)
#8 /var/www/html/tic-tac-toe/vendor/laravel/lumen-framework/src/Concerns/RoutesRequests.php(643): Laravel\Lumen\Application->callControllerAction(Array)
#9 /var/www/html/tic-tac-toe/vendor/laravel/lumen-framework/src/Concerns/RoutesRequests.php(628): Laravel\Lumen\Application->callActionOnArrayBasedRoute(Array)
#10 /var/www/html/tic-tac-toe/vendor/laravel/lumen-framework/src/Concerns/RoutesRequests.php(528): Laravel\Lumen\Application->handleFoundRoute(Array)
#11 /var/www/html/tic-tac-toe/vendor/laravel/lumen-framework/src/Concerns/RoutesRequests.php(781): Laravel\Lumen\Application->Laravel\Lumen\Concerns\{closure}()
#12 /var/www/html/tic-tac-toe/vendor/laravel/lumen-framework/src/Concerns/RoutesRequests.php(534): Laravel\Lumen\Application->sendThroughPipeline(Array, Object(Closure))
#13 /var/www/html/tic-tac-toe/vendor/laravel/lumen-framework/src/Concerns/RoutesRequests.php(475): Laravel\Lumen\Application->dispatch(NULL)
#14 /var/www/html/tic-tac-toe/index.php(28): Laravel\Lumen\Application->run()
#15 {main}  
[2018-10-28 13:29:03] lumen.ERROR: Symfony\Component\Debug\Exception\FatalThrowableError: Class 'App\Http\Controllers\GameProviders' not found in /var/www/html/tic-tac-toe/app/Http/Controllers/GameController.php:39
Stack trace:
#0 [internal function]: App\Http\Controllers\GameController->play(Object(Illuminate\Http\Request))
#1 /var/www/html/tic-tac-toe/vendor/illuminate/container/BoundMethod.php(29): call_user_func_array(Array, Array)
#2 /var/www/html/tic-tac-toe/vendor/illuminate/container/BoundMethod.php(87): Illuminate\Container\BoundMethod::Illuminate\Container\{closure}()
#3 /var/www/html/tic-tac-toe/vendor/illuminate/container/BoundMethod.php(31): Illuminate\Container\BoundMethod::callBoundMethod(Object(Laravel\Lumen\Application), Array, Object(Closure))
#4 /var/www/html/tic-tac-toe/vendor/illuminate/container/Container.php(539): Illuminate\Container\BoundMethod::call(Object(Laravel\Lumen\Application), Array, Array, NULL)
#5 /var/www/html/tic-tac-toe/vendor/laravel/lumen-framework/src/Concerns/RoutesRequests.php(741): Illuminate\Container\Container->call(Array, Array)
#6 /var/www/html/tic-tac-toe/vendor/laravel/lumen-framework/src/Concerns/RoutesRequests.php(707): Laravel\Lumen\Application->callControllerCallable(Array, Array)
#7 /var/www/html/tic-tac-toe/vendor/laravel/lumen-framework/src/Concerns/RoutesRequests.php(681): Laravel\Lumen\Application->callLumenController(Object(App\Http\Controllers\GameController), 'play', Array)
#8 /var/www/html/tic-tac-toe/vendor/laravel/lumen-framework/src/Concerns/RoutesRequests.php(643): Laravel\Lumen\Application->callControllerAction(Array)
#9 /var/www/html/tic-tac-toe/vendor/laravel/lumen-framework/src/Concerns/RoutesRequests.php(628): Laravel\Lumen\Application->callActionOnArrayBasedRoute(Array)
#10 /var/www/html/tic-tac-toe/vendor/laravel/lumen-framework/src/Concerns/RoutesRequests.php(528): Laravel\Lumen\Application->handleFoundRoute(Array)
#11 /var/www/html/tic-tac-toe/vendor/laravel/lumen-framework/src/Concerns/RoutesRequests.php(781): Laravel\Lumen\Application->Laravel\Lumen\Concerns\{closure}()
#12 /var/www/html/tic-tac-toe/vendor/laravel/lumen-framework/src/Concerns/RoutesRequests.php(534): Laravel\Lumen\Application->sendThroughPipeline(Array, Object(Closure))
#13 /var/www/html/tic-tac-toe/vendor/laravel/lumen-framework/src/Concerns/RoutesRequests.php(475): Laravel\Lumen\Application->dispatch(NULL)
#14 /var/www/html/tic-tac-toe/index.php(28): Laravel\Lumen\Application->run()
#15 {main}  
[2018-10-28 13:51:49] lumen.ERROR: Symfony\Component\Debug\Exception\FatalThrowableError: Class 'App\Providers\HttpResponse' not found in /var/www/html/tic-tac-toe/app/Providers/GameProviders.php:24
Stack trace:
#0 /var/www/html/tic-tac-toe/app/Http/Controllers/GameController.php(40): App\Providers\GameProviders->makeMove(Array, 'X')
#1 [internal function]: App\Http\Controllers\GameController->play(Object(Illuminate\Http\Request))
#2 /var/www/html/tic-tac-toe/vendor/illuminate/container/BoundMethod.php(29): call_user_func_array(Array, Array)
#3 /var/www/html/tic-tac-toe/vendor/illuminate/container/BoundMethod.php(87): Illuminate\Container\BoundMethod::Illuminate\Container\{closure}()
#4 /var/www/html/tic-tac-toe/vendor/illuminate/container/BoundMethod.php(31): Illuminate\Container\BoundMethod::callBoundMethod(Object(Laravel\Lumen\Application), Array, Object(Closure))
#5 /var/www/html/tic-tac-toe/vendor/illuminate/container/Container.php(539): Illuminate\Container\BoundMethod::call(Object(Laravel\Lumen\Application), Array, Array, NULL)
#6 /var/www/html/tic-tac-toe/vendor/laravel/lumen-framework/src/Concerns/RoutesRequests.php(741): Illuminate\Container\Container->call(Array, Array)
#7 /var/www/html/tic-tac-toe/vendor/laravel/lumen-framework/src/Concerns/RoutesRequests.php(707): Laravel\Lumen\Application->callControllerCallable(Array, Array)
#8 /var/www/html/tic-tac-toe/vendor/laravel/lumen-framework/src/Concerns/RoutesRequests.php(681): Laravel\Lumen\Application->callLumenController(Object(App\Http\Controllers\GameController), 'play', Array)
#9 /var/www/html/tic-tac-toe/vendor/laravel/lumen-framework/src/Concerns/RoutesRequests.php(643): Laravel\Lumen\Application->callControllerAction(Array)
#10 /var/www/html/tic-tac-toe/vendor/laravel/lumen-framework/src/Concerns/RoutesRequests.php(628): Laravel\Lumen\Application->callActionOnArrayBasedRoute(Array)
#11 /var/www/html/tic-tac-toe/vendor/laravel/lumen-framework/src/Concerns/RoutesRequests.php(528): Laravel\Lumen\Application->handleFoundRoute(Array)
#12 /var/www/html/tic-tac-toe/vendor/laravel/lumen-framework/src/Concerns/RoutesRequests.php(781): Laravel\Lumen\Application->Laravel\Lumen\Concerns\{closure}()
#13 /var/www/html/tic-tac-toe/vendor/laravel/lumen-framework/src/Concerns/RoutesRequests.php(534): Laravel\Lumen\Application->sendThroughPipeline(Array, Object(Closure))
#14 /var/www/html/tic-tac-toe/vendor/laravel/lumen-framework/src/Concerns/RoutesRequests.php(475): Laravel\Lumen\Application->dispatch(NULL)
#15 /var/www/html/tic-tac-toe/index.php(28): Laravel\Lumen\Application->run()
#16 {main}  
[2018-10-28 13:51:52] lumen.ERROR: Symfony\Component\Debug\Exception\FatalThrowableError: Class 'App\Providers\HttpResponse' not found in /var/www/html/tic-tac-toe/app/Providers/GameProviders.php:24
Stack trace:
#0 /var/www/html/tic-tac-toe/app/Http/Controllers/GameController.php(40): App\Providers\GameProviders->makeMove(Array, 'X')
#1 [internal function]: App\Http\Controllers\GameController->play(Object(Illuminate\Http\Request))
#2 /var/www/html/tic-tac-toe/vendor/illuminate/container/BoundMethod.php(29): call_user_func_array(Array, Array)
#3 /var/www/html/tic-tac-toe/vendor/illuminate/container/BoundMethod.php(87): Illuminate\Container\BoundMethod::Illuminate\Container\{closure}()
#4 /var/www/html/tic-tac-toe/vendor/illuminate/container/BoundMethod.php(31): Illuminate\Container\BoundMethod::callBoundMethod(Object(Laravel\Lumen\Application), Array, Object(Closure))
#5 /var/www/html/tic-tac-toe/vendor/illuminate/container/Container.php(539): Illuminate\Container\BoundMethod::call(Object(Laravel\Lumen\Application), Array, Array, NULL)
#6 /var/www/html/tic-tac-toe/vendor/laravel/lumen-framework/src/Concerns/RoutesRequests.php(741): Illuminate\Container\Container->call(Array, Array)
#7 /var/www/html/tic-tac-toe/vendor/laravel/lumen-framework/src/Concerns/RoutesRequests.php(707): Laravel\Lumen\Application->callControllerCallable(Array, Array)
#8 /var/www/html/tic-tac-toe/vendor/laravel/lumen-framework/src/Concerns/RoutesRequests.php(681): Laravel\Lumen\Application->callLumenController(Object(App\Http\Controllers\GameController), 'play', Array)
#9 /var/www/html/tic-tac-toe/vendor/laravel/lumen-framework/src/Concerns/RoutesRequests.php(643): Laravel\Lumen\Application->callControllerAction(Array)
#10 /var/www/html/tic-tac-toe/vendor/laravel/lumen-framework/src/Concerns/RoutesRequests.php(628): Laravel\Lumen\Application->callActionOnArrayBasedRoute(Array)
#11 /var/www/html/tic-tac-toe/vendor/laravel/lumen-framework/src/Concerns/RoutesRequests.php(528): Laravel\Lumen\Application->handleFoundRoute(Array)
#12 /var/www/html/tic-tac-toe/vendor/laravel/lumen-framework/src/Concerns/RoutesRequests.php(781): Laravel\Lumen\Application->Laravel\Lumen\Concerns\{closure}()
#13 /var/www/html/tic-tac-toe/vendor/laravel/lumen-framework/src/Concerns/RoutesRequests.php(534): Laravel\Lumen\Application->sendThroughPipeline(Array, Object(Closure))
#14 /var/www/html/tic-tac-toe/vendor/laravel/lumen-framework/src/Concerns/RoutesRequests.php(475): Laravel\Lumen\Application->dispatch(NULL)
#15 /var/www/html/tic-tac-toe/index.php(28): Laravel\Lumen\Application->run()
#16 {main}  
[2018-10-28 13:52:49] lumen.ERROR: Symfony\Component\Debug\Exception\FatalThrowableError: Class 'App\Providers\HttpResponse' not found in /var/www/html/tic-tac-toe/app/Providers/GameProviders.php:24
Stack trace:
#0 /var/www/html/tic-tac-toe/app/Http/Controllers/GameController.php(40): App\Providers\GameProviders->makeMove(Array, 'X')
#1 [internal function]: App\Http\Controllers\GameController->play(Object(Illuminate\Http\Request))
#2 /var/www/html/tic-tac-toe/vendor/illuminate/container/BoundMethod.php(29): call_user_func_array(Array, Array)
#3 /var/www/html/tic-tac-toe/vendor/illuminate/container/BoundMethod.php(87): Illuminate\Container\BoundMethod::Illuminate\Container\{closure}()
#4 /var/www/html/tic-tac-toe/vendor/illuminate/container/BoundMethod.php(31): Illuminate\Container\BoundMethod::callBoundMethod(Object(Laravel\Lumen\Application), Array, Object(Closure))
#5 /var/www/html/tic-tac-toe/vendor/illuminate/container/Container.php(539): Illuminate\Container\BoundMethod::call(Object(Laravel\Lumen\Application), Array, Array, NULL)
#6 /var/www/html/tic-tac-toe/vendor/laravel/lumen-framework/src/Concerns/RoutesRequests.php(741): Illuminate\Container\Container->call(Array, Array)
#7 /var/www/html/tic-tac-toe/vendor/laravel/lumen-framework/src/Concerns/RoutesRequests.php(707): Laravel\Lumen\Application->callControllerCallable(Array, Array)
#8 /var/www/html/tic-tac-toe/vendor/laravel/lumen-framework/src/Concerns/RoutesRequests.php(681): Laravel\Lumen\Application->callLumenController(Object(App\Http\Controllers\GameController), 'play', Array)
#9 /var/www/html/tic-tac-toe/vendor/laravel/lumen-framework/src/Concerns/RoutesRequests.php(643): Laravel\Lumen\Application->callControllerAction(Array)
#10 /var/www/html/tic-tac-toe/vendor/laravel/lumen-framework/src/Concerns/RoutesRequests.php(628): Laravel\Lumen\Application->callActionOnArrayBasedRoute(Array)
#11 /var/www/html/tic-tac-toe/vendor/laravel/lumen-framework/src/Concerns/RoutesRequests.php(528): Laravel\Lumen\Application->handleFoundRoute(Array)
#12 /var/www/html/tic-tac-toe/vendor/laravel/lumen-framework/src/Concerns/RoutesRequests.php(781): Laravel\Lumen\Application->Laravel\Lumen\Concerns\{closure}()
#13 /var/www/html/tic-tac-toe/vendor/laravel/lumen-framework/src/Concerns/RoutesRequests.php(534): Laravel\Lumen\Application->sendThroughPipeline(Array, Object(Closure))
#14 /var/www/html/tic-tac-toe/vendor/laravel/lumen-framework/src/Concerns/RoutesRequests.php(475): Laravel\Lumen\Application->dispatch(NULL)
#15 /var/www/html/tic-tac-toe/index.php(28): Laravel\Lumen\Application->run()
#16 {main}  
[2018-10-28 13:52:55] lumen.ERROR: Symfony\Component\Debug\Exception\FatalThrowableError: Class 'App\Providers\HttpResponse' not found in /var/www/html/tic-tac-toe/app/Providers/GameProviders.php:24
Stack trace:
#0 /var/www/html/tic-tac-toe/app/Http/Controllers/GameController.php(40): App\Providers\GameProviders->makeMove(Array, 'X')
#1 [internal function]: App\Http\Controllers\GameController->play(Object(Illuminate\Http\Request))
#2 /var/www/html/tic-tac-toe/vendor/illuminate/container/BoundMethod.php(29): call_user_func_array(Array, Array)
#3 /var/www/html/tic-tac-toe/vendor/illuminate/container/BoundMethod.php(87): Illuminate\Container\BoundMethod::Illuminate\Container\{closure}()
#4 /var/www/html/tic-tac-toe/vendor/illuminate/container/BoundMethod.php(31): Illuminate\Container\BoundMethod::callBoundMethod(Object(Laravel\Lumen\Application), Array, Object(Closure))
#5 /var/www/html/tic-tac-toe/vendor/illuminate/container/Container.php(539): Illuminate\Container\BoundMethod::call(Object(Laravel\Lumen\Application), Array, Array, NULL)
#6 /var/www/html/tic-tac-toe/vendor/laravel/lumen-framework/src/Concerns/RoutesRequests.php(741): Illuminate\Container\Container->call(Array, Array)
#7 /var/www/html/tic-tac-toe/vendor/laravel/lumen-framework/src/Concerns/RoutesRequests.php(707): Laravel\Lumen\Application->callControllerCallable(Array, Array)
#8 /var/www/html/tic-tac-toe/vendor/laravel/lumen-framework/src/Concerns/RoutesRequests.php(681): Laravel\Lumen\Application->callLumenController(Object(App\Http\Controllers\GameController), 'play', Array)
#9 /var/www/html/tic-tac-toe/vendor/laravel/lumen-framework/src/Concerns/RoutesRequests.php(643): Laravel\Lumen\Application->callControllerAction(Array)
#10 /var/www/html/tic-tac-toe/vendor/laravel/lumen-framework/src/Concerns/RoutesRequests.php(628): Laravel\Lumen\Application->callActionOnArrayBasedRoute(Array)
#11 /var/www/html/tic-tac-toe/vendor/laravel/lumen-framework/src/Concerns/RoutesRequests.php(528): Laravel\Lumen\Application->handleFoundRoute(Array)
#12 /var/www/html/tic-tac-toe/vendor/laravel/lumen-framework/src/Concerns/RoutesRequests.php(781): Laravel\Lumen\Application->Laravel\Lumen\Concerns\{closure}()
#13 /var/www/html/tic-tac-toe/vendor/laravel/lumen-framework/src/Concerns/RoutesRequests.php(534): Laravel\Lumen\Application->sendThroughPipeline(Array, Object(Closure))
#14 /var/www/html/tic-tac-toe/vendor/laravel/lumen-framework/src/Concerns/RoutesRequests.php(475): Laravel\Lumen\Application->dispatch(NULL)
#15 /var/www/html/tic-tac-toe/index.php(28): Laravel\Lumen\Application->run()
#16 {main}  
[2018-10-28 14:14:13] lumen.ERROR: Symfony\Component\Debug\Exception\FatalErrorException: Access level to App\Providers\GameProviders::winingPatterns() must be public (as in class App\Providers\IGameProviders) in /var/www/html/tic-tac-toe/app/Providers/GameProviders.php:5
Stack trace:
#0 /var/www/html/tic-tac-toe/vendor/laravel/lumen-framework/src/Concerns/RegistersExceptionHandlers.php(54): Laravel\Lumen\Application->handleShutdown()
#1 [internal function]: Laravel\Lumen\Application->Laravel\Lumen\Concerns\{closure}()
#2 {main}  
[2018-10-28 14:16:56] lumen.ERROR: ErrorException: Undefined property: App\Providers\GameProviders::$winingPatterns in /var/www/html/tic-tac-toe/app/Providers/GameProviders.php:14
Stack trace:
#0 /var/www/html/tic-tac-toe/app/Providers/GameProviders.php(14): Laravel\Lumen\Application->Laravel\Lumen\Concerns\{closure}(8, 'Undefined prope...', '/var/www/html/t...', 14, Array)
#1 /var/www/html/tic-tac-toe/app/Http/Controllers/GameController.php(42): App\Providers\GameProviders->makeMove(Array, 'X')
#2 [internal function]: App\Http\Controllers\GameController->play(Object(Illuminate\Http\Request))
#3 /var/www/html/tic-tac-toe/vendor/illuminate/container/BoundMethod.php(29): call_user_func_array(Array, Array)
#4 /var/www/html/tic-tac-toe/vendor/illuminate/container/BoundMethod.php(87): Illuminate\Container\BoundMethod::Illuminate\Container\{closure}()
#5 /var/www/html/tic-tac-toe/vendor/illuminate/container/BoundMethod.php(31): Illuminate\Container\BoundMethod::callBoundMethod(Object(Laravel\Lumen\Application), Array, Object(Closure))
#6 /var/www/html/tic-tac-toe/vendor/illuminate/container/Container.php(539): Illuminate\Container\BoundMethod::call(Object(Laravel\Lumen\Application), Array, Array, NULL)
#7 /var/www/html/tic-tac-toe/vendor/laravel/lumen-framework/src/Concerns/RoutesRequests.php(741): Illuminate\Container\Container->call(Array, Array)
#8 /var/www/html/tic-tac-toe/vendor/laravel/lumen-framework/src/Concerns/RoutesRequests.php(707): Laravel\Lumen\Application->callControllerCallable(Array, Array)
#9 /var/www/html/tic-tac-toe/vendor/laravel/lumen-framework/src/Concerns/RoutesRequests.php(681): Laravel\Lumen\Application->callLumenController(Object(App\Http\Controllers\GameController), 'play', Array)
#10 /var/www/html/tic-tac-toe/vendor/laravel/lumen-framework/src/Concerns/RoutesRequests.php(643): Laravel\Lumen\Application->callControllerAction(Array)
#11 /var/www/html/tic-tac-toe/vendor/laravel/lumen-framework/src/Concerns/RoutesRequests.php(628): Laravel\Lumen\Application->callActionOnArrayBasedRoute(Array)
#12 /var/www/html/tic-tac-toe/vendor/laravel/lumen-framework/src/Concerns/RoutesRequests.php(528): Laravel\Lumen\Application->handleFoundRoute(Array)
#13 /var/www/html/tic-tac-toe/vendor/laravel/lumen-framework/src/Concerns/RoutesRequests.php(781): Laravel\Lumen\Application->Laravel\Lumen\Concerns\{closure}()
#14 /var/www/html/tic-tac-toe/vendor/laravel/lumen-framework/src/Concerns/RoutesRequests.php(534): Laravel\Lumen\Application->sendThroughPipeline(Array, Object(Closure))
#15 /var/www/html/tic-tac-toe/vendor/laravel/lumen-framework/src/Concerns/RoutesRequests.php(475): Laravel\Lumen\Application->dispatch(NULL)
#16 /var/www/html/tic-tac-toe/index.php(28): Laravel\Lumen\Application->run()
#17 {main}  
[2018-10-28 14:35:21] lumen.ERROR: Symfony\Component\Debug\Exception\FatalThrowableError: Class 'App\helpers\GameHelper' not found in /var/www/html/tic-tac-toe/app/Providers/GameProviders.php:16
Stack trace:
#0 /var/www/html/tic-tac-toe/app/Http/Controllers/GameController.php(42): App\Providers\GameProviders->makeMove(Array, 'X')
#1 [internal function]: App\Http\Controllers\GameController->play(Object(Illuminate\Http\Request))
#2 /var/www/html/tic-tac-toe/vendor/illuminate/container/BoundMethod.php(29): call_user_func_array(Array, Array)
#3 /var/www/html/tic-tac-toe/vendor/illuminate/container/BoundMethod.php(87): Illuminate\Container\BoundMethod::Illuminate\Container\{closure}()
#4 /var/www/html/tic-tac-toe/vendor/illuminate/container/BoundMethod.php(31): Illuminate\Container\BoundMethod::callBoundMethod(Object(Laravel\Lumen\Application), Array, Object(Closure))
#5 /var/www/html/tic-tac-toe/vendor/illuminate/container/Container.php(539): Illuminate\Container\BoundMethod::call(Object(Laravel\Lumen\Application), Array, Array, NULL)
#6 /var/www/html/tic-tac-toe/vendor/laravel/lumen-framework/src/Concerns/RoutesRequests.php(741): Illuminate\Container\Container->call(Array, Array)
#7 /var/www/html/tic-tac-toe/vendor/laravel/lumen-framework/src/Concerns/RoutesRequests.php(707): Laravel\Lumen\Application->callControllerCallable(Array, Array)
#8 /var/www/html/tic-tac-toe/vendor/laravel/lumen-framework/src/Concerns/RoutesRequests.php(681): Laravel\Lumen\Application->callLumenController(Object(App\Http\Controllers\GameController), 'play', Array)
#9 /var/www/html/tic-tac-toe/vendor/laravel/lumen-framework/src/Concerns/RoutesRequests.php(643): Laravel\Lumen\Application->callControllerAction(Array)
#10 /var/www/html/tic-tac-toe/vendor/laravel/lumen-framework/src/Concerns/RoutesRequests.php(628): Laravel\Lumen\Application->callActionOnArrayBasedRoute(Array)
#11 /var/www/html/tic-tac-toe/vendor/laravel/lumen-framework/src/Concerns/RoutesRequests.php(528): Laravel\Lumen\Application->handleFoundRoute(Array)
#12 /var/www/html/tic-tac-toe/vendor/laravel/lumen-framework/src/Concerns/RoutesRequests.php(781): Laravel\Lumen\Application->Laravel\Lumen\Concerns\{closure}()
#13 /var/www/html/tic-tac-toe/vendor/laravel/lumen-framework/src/Concerns/RoutesRequests.php(534): Laravel\Lumen\Application->sendThroughPipeline(Array, Object(Closure))
#14 /var/www/html/tic-tac-toe/vendor/laravel/lumen-framework/src/Concerns/RoutesRequests.php(475): Laravel\Lumen\Application->dispatch(NULL)
#15 /var/www/html/tic-tac-toe/index.php(28): Laravel\Lumen\Application->run()
#16 {main}  
[2018-10-28 14:35:28] lumen.ERROR: Symfony\Component\Debug\Exception\FatalThrowableError: Class 'App\helpers\GameHelper' not found in /var/www/html/tic-tac-toe/app/Providers/GameProviders.php:16
Stack trace:
#0 /var/www/html/tic-tac-toe/app/Http/Controllers/GameController.php(42): App\Providers\GameProviders->makeMove(Array, 'X')
#1 [internal function]: App\Http\Controllers\GameController->play(Object(Illuminate\Http\Request))
#2 /var/www/html/tic-tac-toe/vendor/illuminate/container/BoundMethod.php(29): call_user_func_array(Array, Array)
#3 /var/www/html/tic-tac-toe/vendor/illuminate/container/BoundMethod.php(87): Illuminate\Container\BoundMethod::Illuminate\Container\{closure}()
#4 /var/www/html/tic-tac-toe/vendor/illuminate/container/BoundMethod.php(31): Illuminate\Container\BoundMethod::callBoundMethod(Object(Laravel\Lumen\Application), Array, Object(Closure))
#5 /var/www/html/tic-tac-toe/vendor/illuminate/container/Container.php(539): Illuminate\Container\BoundMethod::call(Object(Laravel\Lumen\Application), Array, Array, NULL)
#6 /var/www/html/tic-tac-toe/vendor/laravel/lumen-framework/src/Concerns/RoutesRequests.php(741): Illuminate\Container\Container->call(Array, Array)
#7 /var/www/html/tic-tac-toe/vendor/laravel/lumen-framework/src/Concerns/RoutesRequests.php(707): Laravel\Lumen\Application->callControllerCallable(Array, Array)
#8 /var/www/html/tic-tac-toe/vendor/laravel/lumen-framework/src/Concerns/RoutesRequests.php(681): Laravel\Lumen\Application->callLumenController(Object(App\Http\Controllers\GameController), 'play', Array)
#9 /var/www/html/tic-tac-toe/vendor/laravel/lumen-framework/src/Concerns/RoutesRequests.php(643): Laravel\Lumen\Application->callControllerAction(Array)
#10 /var/www/html/tic-tac-toe/vendor/laravel/lumen-framework/src/Concerns/RoutesRequests.php(628): Laravel\Lumen\Application->callActionOnArrayBasedRoute(Array)
#11 /var/www/html/tic-tac-toe/vendor/laravel/lumen-framework/src/Concerns/RoutesRequests.php(528): Laravel\Lumen\Application->handleFoundRoute(Array)
#12 /var/www/html/tic-tac-toe/vendor/laravel/lumen-framework/src/Concerns/RoutesRequests.php(781): Laravel\Lumen\Application->Laravel\Lumen\Concerns\{closure}()
#13 /var/www/html/tic-tac-toe/vendor/laravel/lumen-framework/src/Concerns/RoutesRequests.php(534): Laravel\Lumen\Application->sendThroughPipeline(Array, Object(Closure))
#14 /var/www/html/tic-tac-toe/vendor/laravel/lumen-framework/src/Concerns/RoutesRequests.php(475): Laravel\Lumen\Application->dispatch(NULL)
#15 /var/www/html/tic-tac-toe/index.php(28): Laravel\Lumen\Application->run()
#16 {main}  
[2018-10-28 14:35:47] lumen.ERROR: ErrorException: json_decode() expects parameter 1 to be string, array given in /var/www/html/tic-tac-toe/app/Helpers/GameHelper.php:11
Stack trace:
#0 [internal function]: Laravel\Lumen\Application->Laravel\Lumen\Concerns\{closure}(2, 'json_decode() e...', '/var/www/html/t...', 11, Array)
#1 /var/www/html/tic-tac-toe/app/Helpers/GameHelper.php(11): json_decode(Array)
#2 /var/www/html/tic-tac-toe/app/Helpers/GameHelper.php(16): App\Helpers\GameHelper->winingPatterns()
#3 /var/www/html/tic-tac-toe/app/Providers/GameProviders.php(18): App\Helpers\GameHelper->scanningTurns(Array)
#4 /var/www/html/tic-tac-toe/app/Http/Controllers/GameController.php(42): App\Providers\GameProviders->makeMove(Array, 'X')
#5 [internal function]: App\Http\Controllers\GameController->play(Object(Illuminate\Http\Request))
#6 /var/www/html/tic-tac-toe/vendor/illuminate/container/BoundMethod.php(29): call_user_func_array(Array, Array)
#7 /var/www/html/tic-tac-toe/vendor/illuminate/container/BoundMethod.php(87): Illuminate\Container\BoundMethod::Illuminate\Container\{closure}()
#8 /var/www/html/tic-tac-toe/vendor/illuminate/container/BoundMethod.php(31): Illuminate\Container\BoundMethod::callBoundMethod(Object(Laravel\Lumen\Application), Array, Object(Closure))
#9 /var/www/html/tic-tac-toe/vendor/illuminate/container/Container.php(539): Illuminate\Container\BoundMethod::call(Object(Laravel\Lumen\Application), Array, Array, NULL)
#10 /var/www/html/tic-tac-toe/vendor/laravel/lumen-framework/src/Concerns/RoutesRequests.php(741): Illuminate\Container\Container->call(Array, Array)
#11 /var/www/html/tic-tac-toe/vendor/laravel/lumen-framework/src/Concerns/RoutesRequests.php(707): Laravel\Lumen\Application->callControllerCallable(Array, Array)
#12 /var/www/html/tic-tac-toe/vendor/laravel/lumen-framework/src/Concerns/RoutesRequests.php(681): Laravel\Lumen\Application->callLumenController(Object(App\Http\Controllers\GameController), 'play', Array)
#13 /var/www/html/tic-tac-toe/vendor/laravel/lumen-framework/src/Concerns/RoutesRequests.php(643): Laravel\Lumen\Application->callControllerAction(Array)
#14 /var/www/html/tic-tac-toe/vendor/laravel/lumen-framework/src/Concerns/RoutesRequests.php(628): Laravel\Lumen\Application->callActionOnArrayBasedRoute(Array)
#15 /var/www/html/tic-tac-toe/vendor/laravel/lumen-framework/src/Concerns/RoutesRequests.php(528): Laravel\Lumen\Application->handleFoundRoute(Array)
#16 /var/www/html/tic-tac-toe/vendor/laravel/lumen-framework/src/Concerns/RoutesRequests.php(781): Laravel\Lumen\Application->Laravel\Lumen\Concerns\{closure}()
#17 /var/www/html/tic-tac-toe/vendor/laravel/lumen-framework/src/Concerns/RoutesRequests.php(534): Laravel\Lumen\Application->sendThroughPipeline(Array, Object(Closure))
#18 /var/www/html/tic-tac-toe/vendor/laravel/lumen-framework/src/Concerns/RoutesRequests.php(475): Laravel\Lumen\Application->dispatch(NULL)
#19 /var/www/html/tic-tac-toe/index.php(28): Laravel\Lumen\Application->run()
#20 {main}  
[2018-10-28 14:36:31] lumen.ERROR: ErrorException: Undefined property: App\Helpers\GameHelper::$matrix in /var/www/html/tic-tac-toe/app/Helpers/GameHelper.php:17
Stack trace:
#0 /var/www/html/tic-tac-toe/app/Helpers/GameHelper.php(17): Laravel\Lumen\Application->Laravel\Lumen\Concerns\{closure}(8, 'Undefined prope...', '/var/www/html/t...', 17, Array)
#1 /var/www/html/tic-tac-toe/app/Providers/GameProviders.php(18): App\Helpers\GameHelper->scanningTurns(Array)
#2 /var/www/html/tic-tac-toe/app/Http/Controllers/GameController.php(42): App\Providers\GameProviders->makeMove(Array, 'X')
#3 [internal function]: App\Http\Controllers\GameController->play(Object(Illuminate\Http\Request))
#4 /var/www/html/tic-tac-toe/vendor/illuminate/container/BoundMethod.php(29): call_user_func_array(Array, Array)
#5 /var/www/html/tic-tac-toe/vendor/illuminate/container/BoundMethod.php(87): Illuminate\Container\BoundMethod::Illuminate\Container\{closure}()
#6 /var/www/html/tic-tac-toe/vendor/illuminate/container/BoundMethod.php(31): Illuminate\Container\BoundMethod::callBoundMethod(Object(Laravel\Lumen\Application), Array, Object(Closure))
#7 /var/www/html/tic-tac-toe/vendor/illuminate/container/Container.php(539): Illuminate\Container\BoundMethod::call(Object(Laravel\Lumen\Application), Array, Array, NULL)
#8 /var/www/html/tic-tac-toe/vendor/laravel/lumen-framework/src/Concerns/RoutesRequests.php(741): Illuminate\Container\Container->call(Array, Array)
#9 /var/www/html/tic-tac-toe/vendor/laravel/lumen-framework/src/Concerns/RoutesRequests.php(707): Laravel\Lumen\Application->callControllerCallable(Array, Array)
#10 /var/www/html/tic-tac-toe/vendor/laravel/lumen-framework/src/Concerns/RoutesRequests.php(681): Laravel\Lumen\Application->callLumenController(Object(App\Http\Controllers\GameController), 'play', Array)
#11 /var/www/html/tic-tac-toe/vendor/laravel/lumen-framework/src/Concerns/RoutesRequests.php(643): Laravel\Lumen\Application->callControllerAction(Array)
#12 /var/www/html/tic-tac-toe/vendor/laravel/lumen-framework/src/Concerns/RoutesRequests.php(628): Laravel\Lumen\Application->callActionOnArrayBasedRoute(Array)
#13 /var/www/html/tic-tac-toe/vendor/laravel/lumen-framework/src/Concerns/RoutesRequests.php(528): Laravel\Lumen\Application->handleFoundRoute(Array)
#14 /var/www/html/tic-tac-toe/vendor/laravel/lumen-framework/src/Concerns/RoutesRequests.php(781): Laravel\Lumen\Application->Laravel\Lumen\Concerns\{closure}()
#15 /var/www/html/tic-tac-toe/vendor/laravel/lumen-framework/src/Concerns/RoutesRequests.php(534): Laravel\Lumen\Application->sendThroughPipeline(Array, Object(Closure))
#16 /var/www/html/tic-tac-toe/vendor/laravel/lumen-framework/src/Concerns/RoutesRequests.php(475): Laravel\Lumen\Application->dispatch(NULL)
#17 /var/www/html/tic-tac-toe/index.php(28): Laravel\Lumen\Application->run()
#18 {main}  
